[    0.000000] Initializing cgroup subsys cpuset
[    0.000000] Initializing cgroup subsys cpu
[    0.000000] Initializing cgroup subsys cpuacct
[    0.000000] Linux version 4.4.0-143-generic (buildd@lgw01-amd64-041) (gcc version 5.4.0 20160609 (Ubuntu 5.4.0-6ubuntu1~16.04.10) ) #169-Ubuntu SMP Thu Feb 7 07:56:38 UTC 2019 (Ubuntu 4.4.0-143.169-generic 4.4.170)
[    0.000000] Command line: BOOT_IMAGE=/boot/vmlinuz-4.4.0-143-generic root=LABEL=cloudimg-rootfs ro console=tty1 console=ttyS0
[    0.000000] KERNEL supported cpus:
[    0.000000]   Intel GenuineIntel
[    0.000000]   AMD AuthenticAMD
[    0.000000]   Centaur CentaurHauls
[    0.000000] x86/fpu: xstate_offset[2]:  576, xstate_sizes[2]:  256
[    0.000000] x86/fpu: Supporting XSAVE feature 0x01: 'x87 floating point registers'
[    0.000000] x86/fpu: Supporting XSAVE feature 0x02: 'SSE registers'
[    0.000000] x86/fpu: Supporting XSAVE feature 0x04: 'AVX registers'
[    0.000000] x86/fpu: Enabled xstate features 0x7, context size is 832 bytes, using 'standard' format.
[    0.000000] e820: BIOS-provided physical RAM map:
[    0.000000] BIOS-e820: [mem 0x0000000000000000-0x000000000009fbff] usable
[    0.000000] BIOS-e820: [mem 0x000000000009fc00-0x000000000009ffff] reserved
[    0.000000] BIOS-e820: [mem 0x00000000000f0000-0x00000000000fffff] reserved
[    0.000000] BIOS-e820: [mem 0x0000000000100000-0x000000007ffeffff] usable
[    0.000000] BIOS-e820: [mem 0x000000007fff0000-0x000000007fffffff] ACPI data
[    0.000000] BIOS-e820: [mem 0x00000000fec00000-0x00000000fec00fff] reserved
[    0.000000] BIOS-e820: [mem 0x00000000fee00000-0x00000000fee00fff] reserved
[    0.000000] BIOS-e820: [mem 0x00000000fffc0000-0x00000000ffffffff] reserved
[    0.000000] NX (Execute Disable) protection: active
[    0.000000] SMBIOS 2.5 present.
[    0.000000] Hypervisor detected: KVM
[    0.000000] e820: last_pfn = 0x7fff0 max_arch_pfn = 0x400000000
[    0.000000] MTRR: Disabled
[    0.000000] x86/PAT: MTRRs disabled, skipping PAT initialization too.
[    0.000000] CPU MTRRs all blank - virtualized system.
[    0.000000] x86/PAT: Configuration [0-7]: WB  WT  UC- UC  WB  WT  UC- UC  
[    0.000000] found SMP MP-table at [mem 0x0009fff0-0x0009ffff] mapped at [ffff88000009fff0]
[    0.000000] Scanning 1 areas for low memory corruption
[    0.000000] RAMDISK: [mem 0x36300000-0x37177fff]
[    0.000000] ACPI: Early table checksum verification disabled
[    0.000000] ACPI: RSDP 0x00000000000E0000 000024 (v02 VBOX  )
[    0.000000] ACPI: XSDT 0x000000007FFF0030 00003C (v01 VBOX   VBOXXSDT 00000001 ASL  00000061)
[    0.000000] ACPI: FACP 0x000000007FFF00F0 0000F4 (v04 VBOX   VBOXFACP 00000001 ASL  00000061)
[    0.000000] ACPI: DSDT 0x000000007FFF0470 0021FF (v02 VBOX   VBOXBIOS 00000002 INTL 20160108)
[    0.000000] ACPI: FACS 0x000000007FFF0200 000040
[    0.000000] ACPI: FACS 0x000000007FFF0200 000040
[    0.000000] ACPI: APIC 0x000000007FFF0240 00005C (v02 VBOX   VBOXAPIC 00000001 ASL  00000061)
[    0.000000] ACPI: SSDT 0x000000007FFF02A0 0001CC (v01 VBOX   VBOXCPUT 00000002 INTL 20160108)
[    0.000000] No NUMA configuration found
[    0.000000] Faking a node at [mem 0x0000000000000000-0x000000007ffeffff]
[    0.000000] NODE_DATA(0) allocated [mem 0x7ffeb000-0x7ffeffff]
[    0.000000] kvm-clock: Using msrs 4b564d01 and 4b564d00
[    0.000000] kvm-clock: cpu 0, msr 0:7ffe3001, primary cpu clock
[    0.000000] kvm-clock: using sched offset of 3833266278 cycles
[    0.000000] clocksource: kvm-clock: mask: 0xffffffffffffffff max_cycles: 0x1cd42e4dffb, max_idle_ns: 881590591483 ns
[    0.000000] Zone ranges:
[    0.000000]   DMA      [mem 0x0000000000001000-0x0000000000ffffff]
[    0.000000]   DMA32    [mem 0x0000000001000000-0x000000007ffeffff]
[    0.000000]   Normal   empty
[    0.000000]   Device   empty
[    0.000000] Movable zone start for each node
[    0.000000] Early memory node ranges
[    0.000000]   node   0: [mem 0x0000000000001000-0x000000000009efff]
[    0.000000]   node   0: [mem 0x0000000000100000-0x000000007ffeffff]
[    0.000000] Initmem setup node 0 [mem 0x0000000000001000-0x000000007ffeffff]
[    0.000000] ACPI: PM-Timer IO Port: 0x4008
[    0.000000] IOAPIC[0]: apic_id 2, version 32, address 0xfec00000, GSI 0-23
[    0.000000] ACPI: INT_SRC_OVR (bus 0 bus_irq 0 global_irq 2 dfl dfl)
[    0.000000] ACPI: INT_SRC_OVR (bus 0 bus_irq 9 global_irq 9 low level)
[    0.000000] Using ACPI (MADT) for SMP configuration information
[    0.000000] smpboot: Allowing 2 CPUs, 0 hotplug CPUs
[    0.000000] PM: Registered nosave memory: [mem 0x00000000-0x00000fff]
[    0.000000] PM: Registered nosave memory: [mem 0x0009f000-0x0009ffff]
[    0.000000] PM: Registered nosave memory: [mem 0x000a0000-0x000effff]
[    0.000000] PM: Registered nosave memory: [mem 0x000f0000-0x000fffff]
[    0.000000] e820: [mem 0x80000000-0xfebfffff] available for PCI devices
[    0.000000] Booting paravirtualized kernel on KVM
[    0.000000] clocksource: refined-jiffies: mask: 0xffffffff max_cycles: 0xffffffff, max_idle_ns: 7645519600211568 ns
[    0.000000] setup_percpu: NR_CPUS:512 nr_cpumask_bits:512 nr_cpu_ids:2 nr_node_ids:1
[    0.000000] PERCPU: Embedded 34 pages/cpu @ffff88007fc00000 s99480 r8192 d31592 u1048576
[    0.000000] Built 1 zonelists in Node order, mobility grouping on.  Total pages: 515960
[    0.000000] Policy zone: DMA32
[    0.000000] Kernel command line: BOOT_IMAGE=/boot/vmlinuz-4.4.0-143-generic root=LABEL=cloudimg-rootfs ro console=tty1 console=ttyS0
[    0.000000] PID hash table entries: 4096 (order: 3, 32768 bytes)
[    0.000000] Memory: 2029908K/2096696K available (8608K kernel code, 1332K rwdata, 4008K rodata, 1484K init, 1316K bss, 66788K reserved, 0K cma-reserved)
[    0.000000] SLUB: HWalign=64, Order=0-3, MinObjects=0, CPUs=2, Nodes=1
[    0.000000] Kernel/User page tables isolation: enabled
[    0.000000] Hierarchical RCU implementation.
[    0.000000] 	Build-time adjustment of leaf fanout to 64.
[    0.000000] 	RCU restricting CPUs from NR_CPUS=512 to nr_cpu_ids=2.
[    0.000000] RCU: Adjusting geometry for rcu_fanout_leaf=64, nr_cpu_ids=2
[    0.000000] NR_IRQS:33024 nr_irqs:440 16
[    0.000000] Console: colour VGA+ 80x25
[    0.000000] console [tty1] enabled
[    0.000000] console [ttyS0] enabled
[    0.000000] tsc: Detected 1992.123 MHz processor
[    0.356803] Calibrating delay loop (skipped) preset value.. 3984.24 BogoMIPS (lpj=7968492)
[    0.359066] pid_max: default: 32768 minimum: 301
[    0.360400] ACPI: Core revision 20150930
[    0.362877] ACPI: 2 ACPI AML tables successfully acquired and loaded
[    0.366179] Security Framework initialized
[    0.367764] Yama: becoming mindful.
[    0.368951] AppArmor: AppArmor initialized
[    0.370813] Dentry cachehash table entries: 262144 (order: 9, 2097152 bytes)
[    0.392253] Inode-cache hash table entries: 131072 (order: 8, 1048576 bytes)
[    0.408472] Mount-cache hash table entries: 4096 (order: 3, 32768 bytes)
[    0.413374] Mountpoint-cache hash table entries: 4096 (order: 3, 32768 bytes)
[    0.417205] Initializing cgroup subsys io
[    0.426070] Initializing cgroup subsys memory
[    0.427609] Initializing cgroup subsys devices
[    0.433164] Initializing cgroup subsys freezer
[    0.434538] Initializing cgroup subsys net_cls
[    0.445782] Initializing cgroup subsys perf_event
[    0.446996] Initializing cgroup subsys net_prio
[    0.448340] Initializing cgroup subsys hugetlb
[    0.449737] Initializing cgroup subsys pids
[    0.452482] mce: CPU supports 0 MCE banks
[    0.453759] Last level iTLB entries: 4KB 64, 2MB 8, 4MB 8
[    0.455430] Last level dTLB entries: 4KB 64, 2MB 0, 4MB 0, 1GB 4
[    0.465825] Spectre V2 : Mitigation: Full generic retpoline
[    0.468411] Spectre V2 : Spectre v2 / SpectreRSB mitigation: Filling RSB on context switch
[    0.470967] Speculative Store Bypass: Vulnerable
[    0.476100] Freeing SMP alternatives memory: 32K
[    0.485074] ftrace: allocating 32278 entries in 127 pages
[    0.590061] smpboot: APIC(0) Converting physical 0 to logical package 0
[    0.613122] smpboot: Max logical packages: 1
[    0.614916] x2apic enabled
[    0.616369] Switched APIC routing to physical x2apic.
[    0.619648] ..TIMER: vector=0x30 apic1=0 pin1=2 apic2=-1 pin2=-1
[    0.739519] smpboot: CPU0: Intel(R) Core(TM) i3-6006U CPU @ 2.00GHz (family: 0x6, model: 0x4e, stepping: 0x3)
[    0.753784] Performance Events: unsupported p6 CPU model 78 no PMU driver, software events only.
[    0.776867] KVM setup paravirtual spinlock
[    0.785396] x86: Booting SMP configuration:
[    0.812844] .... node  #0, CPUs:      #1
[    0.819554] kvm-clock: cpu 1, msr 0:7ffe3041, secondary cpu clock
[    0.822170] mce: CPU supports 0 MCE banks
[    0.824974] x86: Booted up 1 node, 2 CPUs
[    0.843018] smpboot: Total of 2 processors activated (7968.49 BogoMIPS)
[    0.847797] devtmpfs: initialized
[    0.867555] evm: security.selinux
[    0.876399] evm: security.SMACK64
[    0.884051] evm: security.SMACK64EXEC
[    0.913509] evm: security.SMACK64TRANSMUTE
[    0.914866] evm: security.SMACK64MMAP
[    0.926913] evm: security.ima
[    0.930659] evm: security.capability
[    0.934222] clocksource: jiffies: mask: 0xffffffff max_cycles: 0xffffffff, max_idle_ns: 7645041785100000 ns
[    0.987482] futex hash table entries: 512 (order: 3, 32768 bytes)
[    1.005248] pinctrl core: initialized pinctrl subsystem
[    1.023544] RTC time: 19:05:46, date: 03/18/19
[    1.033361] NET: Registered protocol family 16
[    1.044297] cpuidle: using governor ladder
[    1.055602] cpuidle: using governor menu
[    1.056807] PCCT header not found.
[    1.057879] ACPI: bus type PCI registered
[    1.059024] acpiphp: ACPI Hot Plug PCI Controller Driver version: 0.5
[    1.072698] PCI: Using configuration type 1 for base access
[    1.089146] ACPI: Added _OSI(Module Device)
[    1.100972] ACPI: Added _OSI(Processor Device)
[    1.103390] ACPI: Added _OSI(3.0 _SCP Extensions)
[    1.104645] ACPI: Added _OSI(Processor Aggregator Device)
[    1.108446] ACPI: Executed 1 blocks of module-level executable AML code
[    1.116930] ACPI: Interpreter enabled
[    1.123402] ACPI: (supports S0 S5)
[    1.129855] ACPI: Using IOAPIC for interrupt routing
[    1.136781] PCI: Using host bridge windows from ACPI; if necessary, use "pci=nocrs" and report a bug
[    1.150210] ACPI: PCI Root Bridge [PCI0] (domain 0000 [bus 00-ff])
[    1.157158] acpi PNP0A03:00: _OSC: OS supports [ASPM ClockPM Segments MSI]
[    1.158847] acpi PNP0A03:00: _OSC: not requesting OS control; OS requires [ExtendedConfig ASPM ClockPM MSI]
[    1.167827] acpi PNP0A03:00: fail to add MMCONFIG information, can't access extended PCI configuration space under this bridge.
[    1.171062] PCI host bridge to bus 0000:00
[    1.177586] pci_bus 0000:00: root bus resource [io  0x0000-0x0cf7 window]
[    1.180943] pci_bus 0000:00: root bus resource [io  0x0d00-0xffff window]
[    1.186941] pci_bus 0000:00: root bus resource [mem 0x000a0000-0x000bffff window]
[    1.210034] pci_bus 0000:00: root bus resource [mem 0x80000000-0xfdffffff window]
[    1.218008] pci_bus 0000:00: root bus resource [bus 00-ff]
[    1.239045] pci 0000:00:01.1: legacy IDE quirk: reg 0x10: [io  0x01f0-0x01f7]
[    1.250183] pci 0000:00:01.1: legacy IDE quirk: reg 0x14: [io  0x03f6]
[    1.253972] pci 0000:00:01.1: legacy IDE quirk: reg 0x18: [io  0x0170-0x0177]
[    1.257245] pci 0000:00:01.1: legacy IDE quirk: reg 0x1c: [io  0x0376]
[    1.289365] pci 0000:00:07.0: quirk: [io  0x4000-0x403f] claimed by PIIX4 ACPI
[    1.297081] pci 0000:00:07.0: quirk: [io  0x4100-0x410f] claimed by PIIX4 SMB
[    1.358799] ACPI: PCI Interrupt Link [LNKA] (IRQs 5 9 10 *11)
[    1.361627] ACPI: PCI Interrupt Link [LNKB] (IRQs 5 9 *10 11)
[    1.370746] ACPI: PCI Interrupt Link [LNKC] (IRQs 5 *9 10 11)
[    1.373024] ACPI: PCI Interrupt Link [LNKD] (IRQs 5 9 10 *11)
[    1.375614] ACPI: Enabled 2 GPEs in block 00 to 07
[    1.377596] vgaarb: setting as boot device: PCI:0000:00:02.0
[    1.379325] vgaarb: device added: PCI:0000:00:02.0,decodes=io+mem,owns=io+mem,locks=none
[    1.387070] vgaarb: loaded
[    1.388067] vgaarb: bridge control possible 0000:00:02.0
[    1.390118] SCSI subsystem initialized
[    1.391601] ACPI: bus type USB registered
[    1.392845] usbcore: registered new interface driver usbfs
[    1.401011] usbcore: registered new interface driver hub
[    1.405155] usbcore: registered new device driver usb
[    1.407033] PCI: Using ACPI for IRQ routing
[    1.409279] NetLabel: Initializing
[    1.416013] NetLabel:  domain hash size = 128
[    1.417356] NetLabel:  protocols = UNLABELED CIPSOv4
[    1.419059] NetLabel:  unlabeled traffic allowed by default
[    1.426136] amd_nb: Cannot enumerate AMD northbridges
[    1.427605] clocksource: Switched to clocksource kvm-clock
[    1.438283] AppArmor: AppArmor Filesystem Enabled
[    1.440870] pnp: PnP ACPI init
[    1.442895] pnp: PnP ACPI: found 3 devices
[    1.456164] clocksource: acpi_pm mask: 0xffffff max_cycles: 0xffffff, max_idle_ns: 2085701024 ns
[    1.489809] NET: Registered protocol family 2

[    1.491406] TCP established hash table entries: 16384 (order: 5, 131072 bytes)
[    1.496047] TCP bind hash table entries: 16384 (order: 6, 262144 bytes)
[    1.497988] TCP: Hash tables configured (established 16384 bind 16384)
[    1.500090] UDP hash table entries: 1024 (order: 3, 32768 bytes)
[    1.504853] UDP-Lite hash table entries: 1024 (order: 3, 32768 bytes)
[    1.506657] NET: Registered protocol family 1
[    1.508097] pci 0000:00:00.0: Limiting direct PCI/PCI transfers
[    1.509887] pci 0000:00:01.: Activating ISA DMA hang workarounds
[    1.542138] Unpacking initramfs...

[    1.873444] Freeing initrd memory: 14816K
[    1.874936] platform rtc_cmos: registered platform RTC device (no PNP device found)
[    1.877281] Scanning for low memory corruption every 60 seconds
[    1.879741] audit: initializing netlink subsys (disabled)
[    1.881288] audit: type=2000 audit(1552935952.648:1): initialized
[    1.883508] Initialise system trusted keyring
[    1.890219] HugeTLB registered 2 MB page size, pre-allocated 0 pages
[    1.893681] zbud: loaded
[    1.895097] VFS: Disk quotas dquot_6.6.0
[    1.896307] VFS: Dquot-cache hash table entries: 512 (order 0, 4096 bytes)
[    1.898344] squashfs: version 4.0 (2009/01/31) Phillip Lougher
[    1.900456] fuse init (API version 7.23)
[    1.904922] Key type big_key registered
[    1.906215] Allocating IMA MOK and blacklist keyrings.
[    1.914562] Key type asymmetric registered
[    1.916034] Asymmetric key parser 'x509' registered
[    1.917607] Block layer SCSI generic (bsg) driver version 0.4 loaded (major 249)
[    1.929328] io scheduler noop registered
[    1.935937] io scheduler deadline registered (default)
[    1.937704] io scheduler cfq registered
[    1.939226] pci_hotplug: PCI Hot Plug PCI Core version: 0.5
[    1.946214] pciehp: PCI Express Hot Plug Controller Driver version: 0.4
[    1.953597] ACPI: AC Adapter [AC] (on-line)
[    1.954999] input: Power Button as /devices/LNXSYSTM:00/LNXPWRBN:00/input/input0
[    1.957359] ACPI: Power Button [PWRF]
[    1.958696] input: Sleep Button as /devices/LNXSYSTM:00/LNXSLPBN:00/input/input1
[    1.961079] ACPI: Sleep Button [SLPF]
[    1.983868] GHES: HEST is not enabled!
[    1.984884] ACPI: Battery Slot [BAT0] (battery present)
[    1.991761] Serial: 8250/16550 driver, 32 ports, IRQ sharing enabled
[    2.021864] 00:02: ttyS0 at I/O 0x3f8 (irq = 4, base_baud = 115200) is a 16550A
[    2.027623] Linux agpgart interface v0.103
[    2.035452] loop: module loaded
[    2.037952] scsi host0: ata_piix
[    2.052328] scsi host1: ata_piix
[    2.053420] ata1: PATA max UDMA/33 cmd 0x1f0 ctl 0x3f6 bmdma 0xd000 irq 14
[    2.077536] ata2: PATA max UDMA/33 cmd 0x170 ctl 0x376 bmdma 0xd008 irq 15
[    2.080422] libphy: Fixed MDIO Bus: probed
[    2.093449] tun: Universal TUN/TAP device driver, 1.6
[    2.094897] tun: (C) 1999-2004 Max Krasnyansky <maxk@qualcomm.com>
[    2.100832] PPP generic driver version 2.4.2
[    2.110006] ehci_hcd: USB 2.0 'Enhanced' Host Controller (EHCI) Driver
[    2.123481] ehci-pci: EHCI PCI platform driver
[    2.130240] ehci-platform: EHCI generic platform driver
[    2.153579] ohci_hcd: USB 1.1 'Open' Host Controller (OHCI) Driver
[    2.163963] ohci-pci: OHCI PCI platform driver
[    2.168347] ohci-platform: OHCI generic platform driver
[    2.17376] uhci_hcd: USB Universal Host Controller Interface driver
[    2.235246] i8042: PNP: PS/2 Controller [PNP0303:PS2K,PNP0f03:PS2M] at 0x60,0x64 irq 1,12
[    2.238198] serio: i842 KBD port a0x60,0x64 iq 1
[    2.358210] serio: 042 AUX port at 0x60,0x64 irq 12

[    2.419363] mousedev: PS/2 mouse device common for all mice
[    2.436118] input: AT Translated Set 2 keyboard as /devices/platform/i8042/serio0/input/input2
[    2.438765] rtc_cmos rtc_cmos: rtc core: registered rtc_cmos as rtc0
[    2.440690] rtc_cmos rtc_cmos: alarms up to one day, 114 bytes nvram
[    2.442284] i2c /dev entries driver
[    2.443505] device-mapper: uevent: version 1.0.3
[    2.444988] device-mapper: ioctl: 4.34.0-ioctl (2015-10-28) initialised: dm-devel@redhat.com
[    2.466124] ledtrig-cpu: registered to indicate activity on CPUs
[    2.469843] NET: Registered protocol family 10
[    2.471295] NET: Registered protocol family 17
[    2.495410] Key type dns_resolver registered
[    2.497120] registered taskstats version 1
[    2.498437] Loading compiled-in X.509 certificates
[    2.502456] Loaded X.509 cert 'Build time autogenerated kernel key: d03773f65dd2b75b701d4dd50cb1e8d0c07b3b6e'
[    2.545809] zswap: loaded using pool lzo/zbud
[    2.553096] Key type trusted registered
[    2.558455] Key type encrypted registered
[    2.559606] AppArmor: AppArmor sha1 policy hashing enabled
[    2.562449] ima: No TPM chip found, activating TPM-bypass!
[    2.576469] ima: Allocated hash algorithm: sha1
[    2.595028] evm: HMAC attrs: 0x1
[    2.596532]   Magic number: 11:861:91
[    2.597697] rtc_cmos rtc_cmos: setting system clock to 2019-03-18 19:05:48 UTC (1552935948)
[    2.605366] BIOS EDD facility v0.16 2004-Jun-25, 0 devices found
[    2.615815] EDD information not available.
[    2.886534] Freeing unused kernel memory: 1484K
[    2.888062] tsc: Refined TSC clocksource calibration: 1992.755 MHz
[    2.889543] clocksource: tsc: mask: 0xffffffffffffffff max_cycles: 0x3972e4d9212, max_idle_ns: 881590756158 ns
[    2.903719] Write protecting the kernel read-only data: 14336k
[    2.905970] Freeing unused kernel memory: 1620K
[    2.907665] Freeing unused kernel memory: 88K
Loading, please wait...
starting version 229
[    2.929503] random: systemd-udevd: uninitialized urandom read (16 bytes read, 3 bits of entropy available)
[    2.930889] random: udevadm: uninitialized urandom read (16 bytes read, 3 bits of entropy available)
[    2.930930] random: udevadm: uninitialized urandom read (16 bytes read, 3 bits of entropy available)
[    2.945819] random: udevadm: uninitialized urandom read (16 bytes read, 3 bits of entropy available)
[    2.945891] random: udevadm: uninitialized urandom read (16 bytes read, 3 bits of entropy available)
[    2.946115] random: udevadm: uninitialized urandom read (16 bytes read, 3 bits of entropy available)
[    2.946198] random: udevadm: uninitialized urandom read (16 bytes read, 3 bits of entropy available)
[    2.946277] random: udevadm: uninitialized urandom read (16 bytes read, 3 bits of entropy available)
[    2.946357] random: udevadm: uninitialized urandom read (16 bytes read, 3 bits of entropy available)
[    2.946437] random: udevadm: uninitialized urandom read (16 bytes read, 3 bits of entropy available)
[    3.436649] e1000: Intel(R) PRO/1000 Network Driver - version 7.3.21-k8-NAPI
[    3.438760] e1000: Copyright (c) 1999-2006 Intel Corporation.
[    3.454121] Fusion MPT base driver 3.04.20
[    3.463116] Copyright (c) 1999-2008 LSI Corporation
[    3.493133] Fusion MPT SPI Host driver 3.04.20
[    3.501494] AVX2 version of gcm_enc/dec engaged.
[    3.503099] AES CTR mode by8 optimization enabled
[    3.691735] input: ImExPS/2 Generic Explorer Mouse as /devices/platform/i8042/serio1/input/input4
[    3.862770] e1000 0000:00:03.0 eth0: (PCI:33MHz:32-bit) 02:23:9c:1d:6d:2d
[    3.864837] e1000 0000:00:03.0 eth0: Intel(R) PRO/1000 Network Connection
[    3.873166] mptbase: ioc0: Initiating bringup
[    3.944416] ioc0: LSI53C1030 A0: Capabilities={Initiator}
[    4.355484] scsi host2: ioc0: LSI53C1030 A0, FwRev=00000000h, Ports=1, MaxQ=256, IRQ=20
[    4.504577] scsi 2:0:0:0: Direct-Access     VBOX     HARDDISK         1.0  PQ: 0 ANSI: 5
[    4.507573] scsi target2:0:0: Beginning Domain Validation
[    4.547286] scsi target2:0:0: Domain Validation skipping write tests
[    4.554353] scsi target2:0:0: Ending Domain Validation
[    4.557596] scsi target2:0:0: asynchronous
[    4.568093] scsi 2:0:1:0: Direct-Access     VBOX     HARDDISK         1.0  PQ: 0 ANSI: 5
[    4.577224] scsi target2:0:1: Beginning Domain Validation
[    4.580392] scsi target2:0:1: Domain Validation skipping write tests
[    4.587796] scsi target2:0:1: Ending Domain Validation
[    4.591271] scsi target2:0:1: asynchronous
[    4.608981] sd 2:0:0:0: Attached scsi generic sg0 type 0
[    4.626763] sd 2:0:0:0: [sda] 20971520 512-byte logical blocks: (10.7 GB/10.0 GiB)
[    4.653921] sd 2:0:1:0: Attached scsi generic sg1 type 0
[    4.658254] sd 2:0:1:0: [sdb] 20480 512-byte logical blocks: (10.5 MB/10.0 MiB)
[    4.682001] sd 2:0:0:0: [sda] Write Protect is off
[    4.689052] sd 2:0:1:0: [sdb] Write Protect is off
[    4.690643] sd 2:0:0:0: [sda] Incomplete mode parameter data
[    4.693566] sd 2:0:0:0: [sda] Assuming drive cache: write through
[    4.696580] sd 2:0:1:0: [sdb] Incomplete mode parameter data
[    4.703846] sd 2:0:1:0: [sdb] Assuming drive cache: write through
[    4.737138]  sda: sda1
[    4.739361] sd 2:0:0:0: [sda] Attached SCSI disk
[    4.751510] sd 2:0:1:0: [sdb] Attached SCSI disk
[    4.931813] e1000 0000:00:08.0 eth1: (PCI:33MHz:32-bit) 08:00:27:cf:e6:f0
[    4.941434] e1000 0000:00:08.0 eth1: Intel(R) PRO/1000 Network Connection
[    4.944457] e1000 0000:00:08.0 enp0s8: renamed from eth1
[    5.008026] e1000 0000:00:03.0 enp0s3: renamed from eth0
Begin: Loading essential drivers ... [    6.511317] md: linear personality registered for level -1
[    6.516746] md: multipath personality registered for level -4
[    6.522143] md: raid0 personality registered for level 0
[    6.550792] md: raid1 personality registered for level 1
[    6.628767] raid6: sse2x1   gen()  6416 MB/s
[    6.767052] raid6: sse2x1   xor()  3960 MB/s
[    6.864042] raid6: sse2x2   gen()  8404 MB/s
[    6.964202] raid6: sse2x2   xor()  5672 MB/s
[    7.051021] raid6: sse2x4   gen()  8734 MB/s
[    7.139774] raid6: sse2x4   xor()  5373 MB/s
[    7.394034] raid6: avx2x1   gen() 12000 MB/s
[    7.513968] raid6: avx2x2   gen() 15507 MB/s
[    7.584043] raid6: avx2x4   gen() 12140 MB/s
[    7.694614] raid6: using algorithm avx2x2 gen() 15507 MB/s
[    7.755251] raid6: using avx2x2 recovery algorithm
[    7.758616] xor: automatically using best checksumming function:
[    7.800453]    avx       : 14258.000 MB/sec
[    7.809533] async_tx: api initialized (async)
[    7.834807] md: raid6 personality registered for level 6
[    7.838083] md: raid5 personality registered for level 5
[    7.974731] md: raid4 personality registered for level 4
[    8.014237] md: raid10 personality registered for level 10
done.
Begin: Running /scripts/init-premount ... done.
Begin: Mo[    8.061112] Btrfs loaded
unting root file system ... Begin: Running /scripts/local-top ... done.
Begin: Running /scripts/local-premount ... Scanning for Btrfs filesystems
done.
Warning: fsck not present, so skipping root file system
[    8.205325] EXT4-fs (sda1): mounted filesystem with ordered data mode. Opts: (null)
done.
Begin: Running /scripts/local-bottom ... done.
Begin: Running /scripts/init-bottom ... done.
[    8.954863] systemd[1]: systemd 229 running in system mode. (+PAM +AUDIT +SELINUX +IMA +APPARMOR +SMACK +SYSVINIT +UTMP +LIBCRYPTSETUP +GCRYPT +GNUTLS +ACL +XZ -LZ4 +SECCOMP +BLKID +ELFUTILS +KMOD -IDN)
[    9.006365] systemd[1]: Detected virtualization oracle.
[    9.061045] systemd[1]: Detected architecture x86-64.
[    9.169815] random: nonblocking pool is initialized

Welcome to [1mUbuntu 16.04.6 LTS[0m!

[    9.199410] systemd[1]: Set hostname to <ubuntu>.
[    9.221247] systemd[1]: Initializing machine ID from random generator.
[    9.223098] systemd[1]: Installed transient /etc/machine-id file.
[   10.232368] systemd[1]: Listening on Journal Socket.
[[0;32m  OK  [0m] Listening on Journal Socket.
[   10.237802] systemd[1]: Started Trigger resolvconf update for networkd DNS.
[[0;32m  OK  [0m] Started Trigger resolvconf update for networkd DNS.
[   10.242379] systemd[1]: Listening on /dev/initctl Compatibility Named Pipe.
[[0;32m  OK  [0m] Listening on /dev/initctl Compatibility Named Pipe.
[   10.265460] systemd[1]: Created slice User and Session Slice.
[[0;32m  OK  [0m] Created slice User and Session Slice.
[   10.268842] systemd[1]: Listening on udev Kernel Socket.
[[0;32m  OK  [0m] Listening on udev Kernel Socket.
[   10.275256] systemd[1]: Listening on Journal Audit Socket.
[[0;32m  OK  [0m] Listening on Journal Audit Socket.
[   10.283262] systemd[1]: Created slice System Slice.
[[0;32m  OK  [0m] Created slice System Slice.
[   10.335973] systemd[1]: Starting Remount Root and Kernel File Systems...
         Starting Remount Root and Kernel File Systems...
[   10.383555] systemd[1]: Starting Load Kernel Modules...
         Starting Load Kernel Modules...
[   10.387254] systemd[1]: Mounting POSIX Message Queue File System...
         Mounting POSIX Message Queue File System...
[   10.401994] systemd[1]: Starting Set console keymap...
         Starting Set console keymap...
[   10.404753] systemd[1]: Reached target Swap.
[[0;32m  OK  [[   10.412118] EXT4-fs (sda1): re-mounted. Opts: (null)
0m] Reached target Swap.
[   10.431988] systemd[1]: Listening on udev Control Socket.
[[0;32m  OK  [0m] Listening on udev Control Socket.
[   10.451947] systemd[1]: Mounting Debug File System...
         Mounting Debug File System...
[   10.465079] systemd[1]: Reached target User and Group Name Lookups.
[[0;32m  OK  [0m] Reached target User and Group Name Lookups.
[   10.509620] systemd[1]: Listening on Device-mapper event daemon FIFOs.
[[0;32m  OK  [0m] Listening on Device-mapper event daemon FIFOs.
[   10.525702] systemd[1]: Reached target System Time Synchronized.
[[0;32m  OK  [0m] Reached target System Time Synchronized.
[   10.533212] Loading iSCSI transport class v2.0-870.
[   10.555874] systemd[1]: Starting Nameserver information manager...
         Starting Nameserver information manager...
[   10.579652] systemd[1]: Started Forward Password Requests to Wall Directory Watch.
[[0;32m  OK  [0m] Started Forward Password Requests to Wall Directory Watch.
[   10.588851] iscsi: registered transport (tcp)
[   10.637955] systemd[1]: Created slice system-serial\x2dgetty.slice.
[[0;32m  OK  [0m] Created slice system-serial\x2dgetty.slice.
[   10.671250] systemd[1]: Listening on Journal Socket (/dev/log).
[[0;32m  OK  [0m] Listening on Journal Socket (/dev/log).
[   10.695522] systemd[1]: Listening on LVM2 poll daemon socket.
[[0;32m  OK  [0m] Listening on LVM2 poll daemon socket.
[   10.723072] systemd[1]: Reached target Slices.
[[0;32m  OK  [[   10.741337] iscsi: registered transport (iser)
0m] Reached target Slices.
[   10.805825] systemd[1]: Listening on Syslog Socket.
[[0;32m  OK  [0m] Listening on Syslog Socket.
[   10.808960] systemd[1]: Set up automount Arbitrary Executable File Formats File System Automount Point.
[[0;32m  OK  [0m] Set up automount Arbitrary Executab...ats File System Automount Point.
[   10.827950] systemd[1]: Starting Uncomplicated firewall...
         Starting Uncomplicated firewall...
[   10.851984] systemd[1]: Listening on LVM2 metadata daemon socket.
[[0;32m  OK  [0m] Listening on LVM2 metadata daemon socket.
[   10.876034] systemd[1]: Starting Monitoring of LVM2 mirrors, snapshots etc. using dmeventd or progress polling...
         Starting Monitoring of LVM2 mirrors... dmeventd or progress polling...
[   10.924554] systemd[1]: Reached target Encrypted Volumes.
[[0;32m  OK  [0m] Reached target Encrypted Volumes.
[   10.976946] systemd[1]: Starting Journal Service...
         Starting Journal Service...
[   10.990218] systemd[1]: Starting Create list of required static device nodes for the current kernel...
         Starting Create list of required st... nodes for the current kernel...
[   11.023890] systemd[1]: Mounting Huge Pages File System...
         Mounting Huge Pages File System...
[   11.060893] systemd[1]: Mounted Debug File System.
[[0;32m  OK  [0m] Mounted Debug File System.
[   11.073443] systemd[1]: Mounted Huge Pages File System.
[[0;32m  OK  [0m] Mounted Huge Pages File System.
[   11.077075] systemd[1]: Mounted POSIX Message Queue File System.
[[0;32m  OK  [0m] Mounted POSIX Message Queue File System.
[   11.084017] systemd[1]: Started Remount Root and Kernel File Systems.
[[0;32m  OK  [0m] Started Remount Root and Kernel File Systems.
[   11.089559] systemd[1]: Started Load Kernel Modules.
[[0;32m  OK  [0m] Started Load Kernel Modules.
[   11.094799] systemd[1]: Started Set console keymap.
[[0;32m  OK  [0m] Started Set console keymap.
[   11.117871] systemd[1]: Started Uncomplicated firewall.
[[0;32m  OK  [0m] Started Uncomplicated firewall.
[   11.144817] systemd[1]: Started Create list of required static device nodes for the current kernel.
[[0;32m  OK  [0m] Started Create list of required sta...ce nodes for the current kernel.
[   11.200622] systemd[1]: Started Nameserver information manager.
[[0;32m  OK  [0m] Started Nameserver information manager.
[   11.237416] systemd[1]: Started Journal Service.
[[0;32m  OK  [0m] Started Journal Service.
[[0;32m  OK  [0m] Started LVM2 metadata daemon.
         Starting Create Static Device Nodes in /dev...
         Mounting FUSE Control File System...
         Starting Apply Kernel Variables...
         Starting Flush Journal to Persistent Storage...
         Starting udev Coldplug all Devices...
         Starting Load/Save Random Seed...
[[0;32m  OK  [0m] Mounted FUSE Control File System.
[   11.520763] systemd-journald[399]: Received request to flush runtime journal from PID 1
[[0;32m  OK  [0m] Started Load/Save Random Seed.
[[0;32m  OK  [0m] Started Flush Journal to Persistent Storage.
[[0;32m  OK  [0m] Started udev Coldplug all Devices.
[[0;32m  OK  [0m] Started Apply Kernel Variables.
[[0;32m  OK  [0m] Started Monitoring of LVM2 mirrors,...ng dmeventd or progress polling.
[[0;32m  OK  [0m] Started Create Static Device Nodes in /dev.
         Starting udev Kernel Device Manager...
[[0;32m  OK  [0m] Reached target Local File Systems (Pre).
[[0;32m  OK  [0m] Reached target Local File Systems.
         Starting LSB: AppArmor initialization...
         Starting Create Volatile Files and Directories...
         Starting Tell Plymouth To Write Out Runtime Data...
         Starting Set console font and keymap...
         Starting Commit a transient machine-id on disk...
         Starting Initial cloud-init job (pre-networking)...
[[0;32m  OK  [0m] Started Create Volatile Files and Directories.
         Starting Update UTMP about System Boot/Shutdown...
[[0;32m  OK  [0m] Started Commit a transient machine-id on disk.
[[0;32m  OK  [0m] Started Tell Plymouth To Write Out Runtime Data.
[[0;32m  OK  [0m] Started Update UTMP about System Boot/Shutdown.
[[0;32m  OK  [0m] Started udev Kernel Device Manager.
[[0;32m  OK  [0m] Started Dispatch Password Requests to Console Directory Watch.
[[0;32m  OK  [0m] Found device /dev/ttyS0.
[[0;32m  OK  [0m] Listening on Load/Save RF Kill Switch Status /dev/rfkill Watch.
[[0;32m  OK  [0m] Started LSB: AppArmor initialization.
[[0;32m  OK  [0m] Started Set console font and keymap.
[[0;32m  OK  [0m] Created slice system-getty.slice.
[   18.206752] cloud-init[474]: Cloud-init v. 18.5-21-g8ee294d5-0ubuntu1~16.04.1 running 'init-local' at Mon, 18 Mar 2019 19:06:04 +0000. Up 17.61 seconds.
[[0;32m  OK  [0m] Started Initial cloud-init job (pre-networking).
[[0;32m  OK  [0m] Reached target Network (Pre).
         Starting Raise network interfaces...
[[0;32m  OK  [0m] Started Raise network interfaces.
         Starting Initial cloud-init job (metadata service crawler)...
[[0;32m  OK  [0m] Reached target Network.
[   21.347442] cloud-init[956]: Cloud-init v. 18.5-21-g8ee294d5-0ubuntu1~16.04.1 running 'init' at Mon, 18 Mar 2019 19:06:06 +0000. Up 19.16 seconds.
[   21.358160] cloud-init[956]: ci-info: ++++++++++++++++++++++++++++++++++++++Net device info+++++++++++++++++++++++++++++++++++++++
[   21.403231] cloud-init[956]: ci-info: +--------+-------+----------------------------+---------------+--------+-------------------+
[   21.430965] cloud-init[956]: ci-info: | Device |   Up  |          Address           |      Mask     | Scope  |     Hw-Address    |
[   21.436581] cloud-init[[956]: [0;32m  OK  [0mci-info: +--------+-------+----------------------------+---------------+--------+-------------------+] 
Started Initial cloud-init job (metadata service crawler).
[   21.437474] cloud-init[956]: ci-info: | enp0s3 |  True |         10.0.2.15          | 255.255.255.0 | global | 02:23:9c:1d:6d:2d |[[0;32m  OK  [0m] Reached target Network is Online.

[   21.486784] cloud-init[956]: ci-info: | enp0s3 |  True | fe80::23:9cff:fe1d:6d2d/64 |       .       |  link  | 02:23:9c:1d:6d:2d |
[   21.496570]          Starting iSCSI initiator daemon (iscsid)...
[[0;32m  OK  [0m] Reached target System Initialization.
[[0;32m  OK  [0m] Listening on UUID daemon activation socket.
         Starting Socket activation for snappy daemon.
[[0;32m  OK  [0m] Started Daily apt download activities.
[[0;32m  OK  [0m] Started Daily apt upgrade and clean activities.
[[0;32m  OK  [0m] Listening on ACPID Listen Socket.
cloud-init[956]: ci-info: | enp0s8 | False |             .              |       .       |   .    | 08:00:27:cf:e6:f0 |
[   21.547187] cloud-init[956]: ci-info: |   lo   |  True |         127.0.0.1          |   255.0.0.0   |  host  |         .         |
[   21.562192] cloud-init[956]: ci-info: |   lo   |  True |          ::1/128           |       .       |  host  |         .         |
[   21.570048] cloud-init[956]: ci-info: +--------+-------+----------------------------+---------------+--------+-------------------+
[   21.581070] cloud-init[956]: ci-info: +++++++++++++++++++++++++++Route IPv4 info++++++++++++++++++++++++++++
[   21.597955] cloud-init[956]: ci-info: +-------+-------------+----------+---------------+-----------+-------+
[   21.609484] cloud-init[956]: ci-info: | Route | Destination | Gateway  |    Genmask    | Interface | Flags |
[   21.613410] cloud-init[956]: ci-info: +-------+-------------+----------+---------------+-----------+-------+
[   21.618224] cloud-init[956]: ci-info: |   0   |   0.0.0.0   | 10.0.2.2 |    0.0.0.0    |   enp0s3  |   UG  |
[   21.637531] [cloud-init[0;32m  OK  [0m[956]: ] ci-info: |   1   |   10.0.2.0  | 0.0.0.0  | 255.255.255.0 |   enp0s3  |   U   |Started ACPI Events Check.

[   21.643504] cloud-init[956]: ci-info: +-------+-------------+----------+---------------+-----------+-------+
[[0;32m  OK  [0m] Reached target Paths.
[   21.646255] [cloud-init[0;32m  OK  [0m[956]: ] ci-info: +++++++++++++++++++Route IPv6 info+++++++++++++++++++Started Daily Cleanup of Temporary Directories.

[   21.673774] [[0;32m  OK  [0m] Listening on D-Bus System Message Bus Socket.
[[0;32m  OK  [0m] Reached target Timers.
cloud-init[956]: ci-info: +-------+-------------+---------+-----------+-------+
[   21.685984] cloud-init[956]: ci-info: | Route | Destination | Gateway | Interface | Flags |
[   21.689579] cloud-init[956]: ci-info: +-------+-------------+---------+-----------+-------+
[   21.704100] cloud-init[956]: ci-info: |   0   |  fe80::/64  |    ::   |   enp0s3  |   U   |
[   21.706812] cloud-init[956]: ci-info: |   3   |   ff00::/8  |    ::   |   enp0s3  |   U   |
[   21.719918] cloud-init[956]: ci-info: +-------+-------------+---------+-----------+-------+
[   21.720690] cloud-init[956]: Generating public/private rsa key pair.
[   21.720789] cloud-init[956]: Your identification has been saved in /etc/ssh/ssh_host_rsa_key.
[   21.720875] cloud-init[956]: Your public key has been saved in /etc/ssh/ssh_host_rsa_key.pub.
[   21.720955] cloud-init[956]: The key fingerprint is:
[   21.721037] cloud-init[956]: SHA256:WYzHGfCTs8qCvDBbQiQEIKQQgIIvPN9TaUCNMo8beV4 root@ubuntu-xenial
[   21.721113] cloud-init[956]: The key's randomart image is:
[   21.721187] cloud-init[956]: +---[RSA 2048]----+
[   21.721276] cloud-init[956]: |#+  ..o ...      |
[   21.721352] cloud-init[956]: |O  o o . = +     |
[   21.721424] cloud-init[956]: |=.. * . o @      |
[   21.721500] cloud-init[956]: |.=.+ o E + +     |
[   21.721575] cloud-init[956]: | .+ * + S .      |
[   21.721658] cloud-init[956]: | . + = . .       |
[   21.721738] cloud-init[956]: |  + + o o        |
[   21.721814] cloud-init[956]: |   * . .         |
[   21.721894] cloud-init[956]: |  . .            |
[   21.721977] cloud-init[956]: +----[SHA256]-----+
[   21.722051] cloud-init[956]: Generating public/private dsa key pair.
[   21.722131] cloud-init[956]: Your identification has been saved in /etc/ssh/ssh_host_dsa_key.
[   21.722204] cloud-init[956]: Your public key has been saved in /etc/ssh/ssh_host_dsa_key.pub.
[   21.722283] cloud-init[956]: The key fingerprint is:
[   21.722364] cloud-init[956]: SHA256:kSkwK+lDpaiZFReegRKY6CodyCF3GIqjDPZrqUoHuhs root@ubuntu-xenial
[   21.722439] cloud-init[956]: The key's randomart image is:
[   21.722516] cloud-init[956]: +---[DSA 1024]----+
[   21.722592] cloud-init[956]: |+oo+B.           |
[   21.722669] cloud-init[956]: |B++B.*   o       |
[   21.722746] cloud-init[956]: |X=B.+ . +        |
[   21.722846] cloud-init[956]: |BXo.   . .       |
[   21.722929] cloud-init[956]: |*+oo    S        |
[   21.723008] cloud-init[956]: |+ o.o            |
[   21.723085] cloud-init[956]: |E. =             |
[   21.723167] cloud-init[956]: |.o+              |
         [   21.723248] Starting LXD - unix socket.cloud-init
[956]: |=o               |
[[0;32m  OK  [0m] Reached target Cloud-config availability.
[   21.723348] cloud-init[956]: +----[SHA256]-----+
[   21.899338] cloud-init[956]: Generating public/private ecdsa key pair.
[   21.920642] [cloud-init[0;32m  OK  [0m[956]: ] Your identification has been saved in /etc/ssh/ssh_host_ecdsa_key.Listening on Socket activation for snappy daemon.

[   21.921444] [[0;32m  OK  [0m] Listening on LXD - unix socket.
cloud-init[956]: Your public key has been saved in /etc/ssh/ssh_host_ecdsa_key.pub.
[[0;32m  OK  [0m] Started iSCSI initiator daemon (iscsid).
[   21.944154] cloud-init[956]: The key fingerprint is:
[   21.977304] cloud-init[956]: SHA256:tLF596OXYlvOT1jgDkb1e7rkskfe1mi3396BkmzI5xc root@ubuntu-xenial
[   21.982010] cloud-init[956]: The key's randomart image is:         Starting Login to default iSCSI targets...
[[0;32m  OK  [0m] Reached target Sockets.
[[0;32m  OK  [0m] Reached target Basic System.

[   22.008253] cloud-init[[0;32m  OK  [0m] Started Deferred execution scheduler.
[956]: +---[ECDSA 256]---+
[   22.016473] cloud-init[956]: |              .  |
[   22.018695] cloud-init[956]: |             . . |
[   22.020981] cloud-init[956]: |        o   . . .|
[   22.024335] cloud-init[956]: |       . = . . ..|
[   22.040830]          cloud-initStarting Virtualbox guest utils...[956]: 
|        S . + ..o|
[[0;32m  OK  [0m] Started Unattended Upgrades Shutdown.
         Starting Accounts Service...
[[0;32m  OK  [0m] Started D-Bus System Message Bus.
[   22.052580] cloud-init[956]: |        ..oo.Eo+.|
[   22.065835] cloud-init[956]: |         o * +X=o|
[   22.067716] cloud-init[956]: |          + =OB+O|
[   22.084813] cloud-init[956]: |           o=O=*O|
[   22.087049] cloud-init[956]: +----[SHA256]-----+
[   22.089709] cloud-init[956]: Generating public/private ed25519 key pair.
[   22.111090] cloud-init[956]: Your identification has been saved in /etc/ssh/ssh_host_ed25519_key.
[   22.113754] cloud-init[956]: Your public key has been saved in /etc/ssh/ssh_host_ed25519_key.pub.
[   22.118268] cloud-init[956]: The key fingerprint is:
[   22.120539] cloud-init[956]: SHA256:q8uZoQOfnNZK9Y/0qkIiPmmbyxyGEiZglzM1nHMzsbg root@ubuntu-xenial
[   22.134057] cloud-init[956]: The key's randomart image is:
[   22.135811] cloud-init[956]: +--[ED25519 256]--+
[   22.137460] cloud-init[956]: |    .o...        |
[   22.139133] cloud-init[956]: |    o+o+.        |
[   22.141095] cloud-init[956]: |.. = .o.o        |
[   22.142969] cloud-init[956]: |o . o .          |
[   22.144612] cloud-init[956]: |o.   E. S        |
[   22.146248] cloud-init[956]: |=.o .. . .       |
[   22.164040] cloud-init[956]: |++.*.+. +        |
[   22.165675] cloud-init[956]: |==o.Oo.* +       |
[   22.167522] cloud-init[956]: |.*+.o+Boo.o      |
[   22.169208] cloud-init[956]: +----[SHA256]-----+
         Starting Login Service...
[[0;32m  OK  [0m] Started FUSE filesystem for LXC.
         Starting LSB: Record successful boot for GRUB...
         Starting Pollinate to seed the pseudo random number generator...
[[0;32m  OK  [0m] Started ACPI event daemon.
         Starting LXD - container startup/shutdown...
         Starting /etc/rc.local Compatibility...
         Starting System Logging Service...
         Starting LSB: MD monitoring daemon...
[[0;32m  OK  [0m] Started Regular background program processing daemon.
         Starting Snappy daemon...
[[0;32m  OK  [0m] Started /etc/rc.local Compatibility.
         Starting Authenticate and Authorize Users to Run Privileged Tasks...
[[0;32m  OK  [0m] Started Login Service.
[[0;32m  OK  [0m] Started LSB: Record successful boot for GRUB.
[[0;32m  OK  [0m] Started Login to default iSCSI targets.
[[0;32m  OK  [0m] Reached target Remote File Systems (Pre).
[[0;32m  OK  [0m] Reached target Remote File Systems.
         Starting LSB: Set the CPU Frequency Scaling governor to "ondemand"...
         Starting LSB: daemon to balance interrupts for SMP systems...
         Starting LSB: automatic crash report generation...
         Starting Permit User Sessions...
[[0;32m  OK  [0m] Started LSB: MD monitoring daemon.
[[0;32m  OK  [0m] Started LSB: Set the CPU Frequency Scaling governor to "ondemand".
[[0;32m  OK  [0m] Started Permit User Sessions.
         Starting Hold until boot process finishes up...
         Starting Terminate Plymouth Boot Screen...
[[0;32m  OK  [0m] Started Hold until boot process finishes up.
[[0;32m  OK  [0m] Started Terminate Plymouth Boot Screen.
[[0;32m  OK  [0m] Started Serial Getty on ttyS0.
[[0;32m  OK  [0m] Started Getty on tty1.
[[0;32m  OK  [0m] Reached target Login Prompts.
         Starting Set console scheme...
[[0;32m  OK  [0m] Started System Logging Service.
[[0;32m  OK  [0m] Started Set console scheme.
[[0;32m  OK  [0m] Started LSB: automatic crash report generation.
[[0;32m  OK  [0m] Started LSB: daemon to balance interrupts for SMP systems.
[[0;32m  OK  [0m] Started Authenticate and Authorize Users to Run Privileged Tasks.
[[0;32m  OK  [0m] Started Accounts Service.
[[0;32m  OK  [0m] Started Virtualbox guest utils.
[[0;32m  OK  [0m] Started LXD - container startup/shutdown.
[[0;32m  OK  [0m] Started Snappy daemon.
         Starting Wait until snapd is fully seeded...

Ubuntu 16.04.6 LTS ubuntu-xenial ttyS0

ubuntu-xenial login: [   44.578720] cloud-init[1893]: Generating locales (this might take a while)...
[   45.672922] cloud-init[1893]:   en_US.UTF-8... done
[   45.673883] cloud-init[1893]: Generation complete.
[   46.435848] cloud-init[1893]: Cloud-init v. 18.5-21-g8ee294d5-0ubuntu1~16.04.1 running 'modules:config' at Mon, 18 Mar 2019 19:06:31 +0000. Up 44.23 seconds.
ci-info: no authorized ssh keys fingerprints found for user ubuntu.
<14>Mar 18 19:06:33 ec2: 
<14>Mar 18 19:06:33 ec2: #############################################################
<14>Mar 18 19:06:33 ec2: -----BEGIN SSH HOST KEY FINGERPRINTS-----
<14>Mar 18 19:06:33 ec2: 1024 SHA256:kSkwK+lDpaiZFReegRKY6CodyCF3GIqjDPZrqUoHuhs root@ubuntu-xenial (DSA)
<14>Mar 18 19:06:33 ec2: 256 SHA256:tLF596OXYlvOT1jgDkb1e7rkskfe1mi3396BkmzI5xc root@ubuntu-xenial (ECDSA)
<14>Mar 18 19:06:33 ec2: 256 SHA256:q8uZoQOfnNZK9Y/0qkIiPmmbyxyGEiZglzM1nHMzsbg root@ubuntu-xenial (ED25519)
<14>Mar 18 19:06:33 ec2: 2048 SHA256:WYzHGfCTs8qCvDBbQiQEIKQQgIIvPN9TaUCNMo8beV4 root@ubuntu-xenial (RSA)
<14>Mar 18 19:06:33 ec2: -----END SSH HOST KEY FINGERPRINTS-----
<14>Mar 18 19:06:33 ec2: #############################################################
-----BEGIN SSH HOST KEY KEYS-----
ecdsa-sha2-nistp256 AAAAE2VjZHNhLXNoYTItbmlzdHAyNTYAAAAIbmlzdHAyNTYAAABBBGq7+p8MfdSx/0aNnlLHkBY61miJVkkWHHYHCbOPHO0fFz5iqSrwvDImaJxCuvADKvAJSbyC6P9NtnbvB9j2uL4= root@ubuntu-xenial
ssh-ed25519 AAAAC3NzaC1lZDI1NTE5AAAAIPBR/A1qhZUyygj+nRXMfY+jA2RmAoZcYb6xRZYESUSL root@ubuntu-xenial
ssh-rsa AAAAB3NzaC1yc2EAAAADAQABAAABAQDl75+nz1HnGBAY0SyCDLeUSnzmZ9saXBu3INdTFHWo3RPaST0BPXUO++7Exq2jmsIC+XplfB+BQsjdApCIjc1X9//wfxRNT83VoefIyadxfY7lW92BVYmTPjJZu8cao5dBSGaCd0KsDR+R56T1oHWcz+ekTMXYdF/5+YkGMTN01HZdU46wa3Bk3dptCxiL92BqnwsAl8GO+fRucSDdUk8OZW8bWtsTUHQEdJdRXJdeZJ0jL/SIevF2tnCHbkkyQkq1p+bAHgKO03QqzYJbhRNMALQq0djJgI/5sJ2hF77ZO9dysRYQuOzDn+ECoNK9rujxQNgwJoKjmA8rysZcimYl root@ubuntu-xenial
-----END SSH HOST KEY KEYS-----
[   47.149593] cloud-init[1980]: Cloud-init v. 18.5-21-g8ee294d5-0ubuntu1~16.04.1 running 'modules:final' at Mon, 18 Mar 2019 19:06:33 +0000. Up 46.92 seconds.
[   47.149924] cloud-init[1980]: ci-info: no authorized ssh keys fingerprints found for user ubuntu.
[   47.150135] cloud-init[1980]: Cloud-init v. 18.5-21-g8ee294d5-0ubuntu1~16.04.1 finished at Mon, 18 Mar 2019 19:06:33 +0000. Datasource DataSourceNoCloud [seed=/dev/sdb][dsmode=net].  Up 47.13 seconds
[  747.015414] e1000 0000:00:03.0 enp0s3: Detected Tx Unit Hang
[  747.015414]   Tx Queue             <0>
[  747.015414]   TDH                  <c0>
[  747.015414]   TDT                  <c1>
[  747.015414]   next_to_use          <c1>
[  747.015414]   next_to_clean        <c0>
[  747.015414] buffer_info[next_to_clean]
[  747.015414]   time_stamp           <10001b2ed>
[  747.015414]   next_to_watch        <c0>
[  747.015414]   jiffies              <10001b3fa>
[  747.015414]   next_to_watch.status <0>
